{"sessionId": "7d999b", "timestamp": 1775233475058, "location": "transcribe.py:_ensure_ffmpeg_on_path", "message": "shim_ready", "data": {"bundled": "C:\\Users\\Ansh Mehta\\AppData\\Local\\Programs\\Python\\Python311\\Lib\\site-packages\\imageio_ffmpeg\\binaries\\ffmpeg-win-x86_64-v7.1.exe", "bundled_name": "ffmpeg-win-x86_64-v7.1.exe", "shim": "D:\\Ansh [C Drive]\\Ansh\\COEP\\btech-project\\modules\\speech_to_text\\.ffmpeg_shim\\ffmpeg.exe", "which_after": "D:\\Ansh [C Drive]\\Ansh\\COEP\\btech-project\\modules\\speech_to_text\\.ffmpeg_shim\\ffmpeg.EXE"}, "hypothesisId": "H1-shim"}
{"sessionId": "7d999b", "timestamp": 1775233501584, "location": "api/main.py:process_audio", "message": "temp file written", "data": {"tmp_path": "C:\\Users\\ANSHME~1\\AppData\\Local\\Temp\\tmpccor6vvf.wav", "exists": true, "size": 393294, "ffmpeg_which": "D:\\Ansh [C Drive]\\Ansh\\COEP\\btech-project\\modules\\speech_to_text\\.ffmpeg_shim\\ffmpeg.EXE", "ffprobe_which": null, "runId": "post-fix"}, "hypothesisId": "H1-H2"}
{"sessionId": "7d999b", "timestamp": 1775233501584, "location": "api/main.py:process_audio", "message": "calling transcribe_audio", "data": {"path": "C:\\Users\\ANSHME~1\\AppData\\Local\\Temp\\tmpccor6vvf.wav"}, "hypothesisId": "H2-H4"}
{"sessionId": "7d999b", "timestamp": 1775233501588, "location": "transcribe.py:transcribe_audio", "message": "entry", "data": {"audio_path": "C:\\Users\\ANSHME~1\\AppData\\Local\\Temp\\tmpccor6vvf.wav", "exists": true, "size": 393294}, "hypothesisId": "H2"}
{"sessionId": "7d999b", "timestamp": 1775233502675, "location": "transcribe.py:transcribe_audio", "message": "before model.transcribe", "data": {}, "hypothesisId": "H1-H4"}
{"sessionId": "7d999b", "timestamp": 1775233505761, "location": "transcribe.py:transcribe_audio", "message": "after model.transcribe", "data": {"text_len": 31}, "hypothesisId": "H1"}
{"sessionId": "7d999b", "timestamp": 1775233505761, "location": "api/main.py:process_audio", "message": "transcribe OK, starting clean+soap", "data": {"raw_seg_count": 1}, "hypothesisId": "H3"}
{"sessionId": "7d999b", "timestamp": 1775233543040, "location": "api/main.py:process_audio", "message": "temp file written", "data": {"tmp_path": "C:\\Users\\ANSHME~1\\AppData\\Local\\Temp\\tmpspo911x6.wav", "exists": true, "size": 3938382, "ffmpeg_which": "D:\\Ansh [C Drive]\\Ansh\\COEP\\btech-project\\modules\\speech_to_text\\.ffmpeg_shim\\ffmpeg.EXE", "ffprobe_which": null, "runId": "post-fix"}, "hypothesisId": "H1-H2"}
{"sessionId": "7d999b", "timestamp": 1775233543040, "location": "api/main.py:process_audio", "message": "calling transcribe_audio", "data": {"path": "C:\\Users\\ANSHME~1\\AppData\\Local\\Temp\\tmpspo911x6.wav"}, "hypothesisId": "H2-H4"}
{"sessionId": "7d999b", "timestamp": 1775233543040, "location": "transcribe.py:transcribe_audio", "message": "entry", "data": {"audio_path": "C:\\Users\\ANSHME~1\\AppData\\Local\\Temp\\tmpspo911x6.wav", "exists": true, "size": 3938382}, "hypothesisId": "H2"}
{"sessionId": "7d999b", "timestamp": 1775233543040, "location": "transcribe.py:transcribe_audio", "message": "before model.transcribe", "data": {}, "hypothesisId": "H1-H4"}
{"sessionId": "7d999b", "timestamp": 1775233549330, "location": "transcribe.py:transcribe_audio", "message": "after model.transcribe", "data": {"text_len": 400}, "hypothesisId": "H1"}
{"sessionId": "7d999b", "timestamp": 1775233549331, "location": "api/main.py:process_audio", "message": "transcribe OK, starting clean+soap", "data": {"raw_seg_count": 8}, "hypothesisId": "H3"}
{"sessionId": "7d999b", "timestamp": 1775496977733, "location": "transcribe.py:_ensure_ffmpeg_on_path", "message": "skip_ensure", "data": {"which": "/opt/homebrew/bin/ffmpeg"}, "hypothesisId": "H1-shim"}
{"sessionId": "7d999b", "timestamp": 1775497264322, "location": "transcribe.py:_ensure_ffmpeg_on_path", "message": "skip_ensure", "data": {"which": "/opt/homebrew/bin/ffmpeg"}, "hypothesisId": "H1-shim"}
{"sessionId": "7d999b", "timestamp": 1775497281805, "location": "api/main.py:process_audio", "message": "temp file written", "data": {"tmp_path": "/var/folders/b5/7k23jxz12cs7vvsymt53z0l00000gn/T/tmpri_yf35x.wav", "exists": true, "size": 3938382, "ffmpeg_which": "/opt/homebrew/bin/ffmpeg", "ffprobe_which": "/opt/homebrew/bin/ffprobe", "runId": "post-fix"}, "hypothesisId": "H1-H2"}
{"sessionId": "7d999b", "timestamp": 1775497281806, "location": "api/main.py:process_audio", "message": "calling transcribe_audio", "data": {"path": "/var/folders/b5/7k23jxz12cs7vvsymt53z0l00000gn/T/tmpri_yf35x.wav"}, "hypothesisId": "H2-H4"}
{"sessionId": "7d999b", "timestamp": 1775497281806, "location": "transcribe.py:transcribe_audio", "message": "entry", "data": {"audio_path": "/var/folders/b5/7k23jxz12cs7vvsymt53z0l00000gn/T/tmpri_yf35x.wav", "exists": true, "size": 3938382}, "hypothesisId": "H2"}
{"sessionId": "7d999b", "timestamp": 1775497282433, "location": "transcribe.py:transcribe_audio", "message": "before model.transcribe", "data": {}, "hypothesisId": "H1-H4"}
{"sessionId": "7d999b", "timestamp": 1775497285404, "location": "transcribe.py:transcribe_audio", "message": "after model.transcribe", "data": {"text_len": 400}, "hypothesisId": "H1"}
{"sessionId": "7d999b", "timestamp": 1775497285404, "location": "api/main.py:process_audio", "message": "transcribe OK, starting clean+soap", "data": {"raw_seg_count": 8}, "hypothesisId": "H3"}
{"sessionId": "7d999b", "timestamp": 1775497285406, "location": "api/main.py:process_audio", "message": "exception", "data": {"type": "ModuleNotFoundError", "detail": "No module named 'spacy'", "traceback": "Traceback (most recent call last):\n  File \"/Users/khush/BTech Project/btech-project/api/main.py\", line 172, in process_audio\n    clean = _get_clean_module().build_cleaned_transcript(raw_segments)\n  File \"/Users/khush/BTech Project/btech-project/api/main.py\", line 71, in _get_clean_module\n    spec.loader.exec_module(mod)\n  File \"<frozen importlib._bootstrap_external>\", line 883, in exec_module\n  File \"<frozen importlib._bootstrap>\", line 241, in _call_with_frames_removed\n  File \"/Users/khush/BTech Project/btech-project/transcript cleaning/clean_transcript.py\", line 1, in <module>\n    import spacy\nModuleNotFoundError: No module named 'spacy'\n"}, "hypothesisId": "H1-H5"}
{"sessionId": "7d999b", "timestamp": 1775497450350, "location": "transcribe.py:_ensure_ffmpeg_on_path", "message": "skip_ensure", "data": {"which": "/opt/homebrew/bin/ffmpeg"}, "hypothesisId": "H1-shim"}
{"sessionId": "7d999b", "timestamp": 1775497462267, "location": "api/main.py:process_audio", "message": "temp file written", "data": {"tmp_path": "/var/folders/b5/7k23jxz12cs7vvsymt53z0l00000gn/T/tmpykpd5jye.wav", "exists": true, "size": 3938382, "ffmpeg_which": "/opt/homebrew/bin/ffmpeg", "ffprobe_which": "/opt/homebrew/bin/ffprobe", "runId": "post-fix"}, "hypothesisId": "H1-H2"}
{"sessionId": "7d999b", "timestamp": 1775497462268, "location": "api/main.py:process_audio", "message": "calling transcribe_audio", "data": {"path": "/var/folders/b5/7k23jxz12cs7vvsymt53z0l00000gn/T/tmpykpd5jye.wav"}, "hypothesisId": "H2-H4"}
{"sessionId": "7d999b", "timestamp": 1775497462268, "location": "transcribe.py:transcribe_audio", "message": "entry", "data": {"audio_path": "/var/folders/b5/7k23jxz12cs7vvsymt53z0l00000gn/T/tmpykpd5jye.wav", "exists": true, "size": 3938382}, "hypothesisId": "H2"}
{"sessionId": "7d999b", "timestamp": 1775497462872, "location": "transcribe.py:transcribe_audio", "message": "before model.transcribe", "data": {}, "hypothesisId": "H1-H4"}
{"sessionId": "7d999b", "timestamp": 1775497465294, "location": "transcribe.py:transcribe_audio", "message": "after model.transcribe", "data": {"text_len": 400}, "hypothesisId": "H1"}
{"sessionId": "7d999b", "timestamp": 1775497465294, "location": "api/main.py:process_audio", "message": "transcribe OK, starting clean+soap", "data": {"raw_seg_count": 8}, "hypothesisId": "H3"}
